#
# There is insufficient memory for the Java Runtime Environment to continue.
# Native memory allocation (malloc) failed to allocate 262160 bytes for Chunk::new
# Possible reasons:
#   The system is out of physical RAM or swap space
#   In 32 bit mode, the process size limit was hit
# Possible solutions:
#   Reduce memory load on the system
#   Increase physical memory or swap space
#   Check if swap backing store is full
#   Use 64 bit Java on a 64 bit OS
#   Decrease Java heap size (-Xmx/-Xms)
#   Decrease number of Java threads
#   Decrease Java thread stack sizes (-Xss)
#   Set larger code cache with -XX:ReservedCodeCacheSize=
# This output file may be truncated or incomplete.
#
#  Out of Memory Error (allocation.cpp:390), pid=12800, tid=16144
#
# JRE version: Java(TM) SE Runtime Environment (8.0_65-b17) (build 1.8.0_65-b17)
# Java VM: Java HotSpot(TM) 64-Bit Server VM (25.65-b01 mixed mode windows-amd64 compressed oops)
# Failed to write core dump. Minidumps are not enabled by default on client versions of Windows
#

---------------  T H R E A D  ---------------

Current thread (0x0000000015d83000):  JavaThread "C2 CompilerThread1" daemon [_thread_in_native, id=16144, stack(0x00000000174e0000,0x00000000175e0000)]

Stack: [0x00000000174e0000,0x00000000175e0000]
[error occurred during error reporting (printing stack bounds), id 0xc0000005]

Native frames: (J=compiled Java code, j=interpreted, Vv=VM code, C=native code)


Current CompileTask:
C2:  21097 1489       4       java.net.URLClassLoader$1::run (5 bytes)


---------------  P R O C E S S  ---------------

Java Threads: ( => current thread )
  0x0000000018dc3800 JavaThread "Cache worker for file hash cache (C:\Users\Unzila Khan\.gradle\caches\6.3\fileHashes)" [_thread_blocked, id=12712, stack(0x000000001cad0000,0x000000001cbd0000)]
  0x0000000018dc0800 JavaThread "File lock request listener" [_thread_in_native, id=6208, stack(0x000000001aa30000,0x000000001ab30000)]
  0x0000000018dc3000 JavaThread "Cache worker for journal cache (C:\Users\Unzila Khan\.gradle\caches\journal-1)" [_thread_blocked, id=3188, stack(0x000000001a930000,0x000000001aa30000)]
  0x0000000018855800 JavaThread "Thread-9" [_thread_blocked, id=13480, stack(0x000000001a630000,0x000000001a730000)]
  0x0000000018854800 JavaThread "Stdin handler" [_thread_blocked, id=3728, stack(0x000000001a530000,0x000000001a630000)]
  0x0000000018854000 JavaThread "Asynchronous log dispatcher for DefaultDaemonConnection: socket connection from /127.0.0.1:58546 to /127.0.0.1:58548" [_thread_blocked, id=14664, stack(0x000000001a430000,0x000000001a530000)]
  0x0000000018441800 JavaThread "Daemon worker" [_thread_in_native, id=16328, stack(0x000000001a330000,0x000000001a430000)]
  0x0000000018441000 JavaThread "Cancel handler" [_thread_blocked, id=1348, stack(0x000000001a230000,0x000000001a330000)]
  0x0000000017a70800 JavaThread "Handler for socket connection from /127.0.0.1:58546 to /127.0.0.1:58548" [_thread_in_native, id=17360, stack(0x0000000019f30000,0x000000001a030000)]
  0x0000000017886000 JavaThread "Daemon" [_thread_blocked, id=16496, stack(0x0000000019e30000,0x0000000019f30000)]
  0x00000000189a6000 JavaThread "Daemon periodic checks" [_thread_blocked, id=14972, stack(0x0000000019d30000,0x0000000019e30000)]
  0x00000000189d9800 JavaThread "Incoming local TCP Connector on port 58546" [_thread_in_native, id=13336, stack(0x0000000019af0000,0x0000000019bf0000)]
  0x0000000018f28800 JavaThread "Daemon health stats" [_thread_blocked, id=3992, stack(0x00000000194b0000,0x00000000195b0000)]
  0x0000000017720000 JavaThread "Service Thread" daemon [_thread_blocked, id=13048, stack(0x0000000017ae0000,0x0000000017be0000)]
  0x0000000015d87000 JavaThread "C1 CompilerThread2" daemon [_thread_blocked, id=16056, stack(0x00000000175e0000,0x00000000176e0000)]
=>0x0000000015d83000 JavaThread "C2 CompilerThread1" daemon [_thread_in_native, id=16144, stack(0x00000000174e0000,0x00000000175e0000)]
  0x0000000015d7c800 JavaThread "C2 CompilerThread0" daemon [_thread_in_native, id=9440, stack(0x00000000173e0000,0x00000000174e0000)]
  0x0000000015d7b000 JavaThread "Attach Listener" daemon [_thread_blocked, id=6836, stack(0x00000000172e0000,0x00000000173e0000)]
  0x0000000015d79800 JavaThread "Signal Dispatcher" daemon [_thread_blocked, id=15776, stack(0x00000000171e0000,0x00000000172e0000)]
  0x0000000002406000 JavaThread "Finalizer" daemon [_thread_blocked, id=5456, stack(0x0000000016fe0000,0x00000000170e0000)]
  0x00000000023fd000 JavaThread "Reference Handler" daemon [_thread_blocked, id=17340, stack(0x0000000016ee0000,0x0000000016fe0000)]
  0x000000000211d800 JavaThread "main" [_thread_blocked, id=16336, stack(0x0000000002210000,0x0000000002310000)]

Other Threads:
  0x0000000015d47800 VMThread [stack: 0x0000000016de0000,0x0000000016ee0000] [id=16216]
  0x0000000015dda000 WatcherThread [stack: 0x0000000017be0000,0x0000000017ce0000] [id=10472]

VM state:not at safepoint (normal execution)

VM Mutex/Monitor currently owned by a thread: None

Heap:
 PSYoungGen      total 20992K, used 16866K [0x00000000e0000000, 0x00000000e1a00000, 0x0000000100000000)
  eden space 15360K, 86% used [0x00000000e0000000,0x00000000e0ce7990,0x00000000e0f00000)
  from space 5632K, 64% used [0x00000000e0f00000,0x00000000e1291138,0x00000000e1480000)
  to   space 5632K, 0% used [0x00000000e1480000,0x00000000e1480000,0x00000000e1a00000)
 ParOldGen       total 44032K, used 4841K [0x00000000a0000000, 0x00000000a2b00000, 0x00000000e0000000)
  object space 44032K, 10% used [0x00000000a0000000,0x00000000a04ba728,0x00000000a2b00000)
 Metaspace       used 15329K, capacity 15812K, committed 16128K, reserved 1062912K
  class space    used 2086K, capacity 2254K, committed 2304K, reserved 1048576K

Card table byte_map: [0x00000000117d0000,0x0000000011ae0000] byte_map_base: 0x00000000112d0000

Marking Bits: (ParMarkBitMap*) 0x0000000059b6a5b0
 Begin Bits: [0x00000000120e0000, 0x00000000138e0000)
 End Bits:   [0x00000000138e0000, 0x00000000150e0000)

Polling page: 0x0000000002100000

CodeCache: size=245760Kb used=4820Kb max_used=4820Kb free=240939Kb
 bounds [0x0000000002410000, 0x00000000028d0000, 0x0000000011410000]
 total_blobs=1786 nmethods=1398 adapters=301
 compilation: enabled

Compilation events (10 events):
Event: 19.390 Thread 0x0000000015d87000 1485       1       com.google.common.collect.RegularImmutableList::size (5 bytes)
Event: 19.391 Thread 0x0000000015d87000 nmethod 1485 0x0000000002587750 code [0x00000000025878a0, 0x00000000025879b0]
Event: 19.425 Thread 0x0000000015d87000 1486       3       java.util.regex.Pattern$Curly::match0 (174 bytes)
Event: 19.427 Thread 0x0000000015d87000 nmethod 1486 0x0000000002744810 code [0x0000000002744a00, 0x0000000002745418]
Event: 19.469 Thread 0x0000000015d87000 1487       3       java.lang.invoke.DirectMethodHandle::internalMemberName (8 bytes)
Event: 19.469 Thread 0x0000000015d87000 nmethod 1487 0x0000000002587310 code [0x0000000002587480, 0x00000000025876b0]
Event: 19.666 Thread 0x0000000015d7c800 1488   !   4       java.net.URLClassLoader::findClass (47 bytes)
Event: 19.668 Thread 0x0000000015d7c800 nmethod 1488 0x00000000026c04d0 code [0x00000000026c0660, 0x00000000026c0858]
Event: 19.686 Thread 0x0000000015d83000 1489       4       java.net.URLClassLoader$1::run (5 bytes)
Event: 19.686 Thread 0x0000000015d7c800 1490   !   4       java.net.URLClassLoader$1::run (63 bytes)

GC Heap History (10 events):
Event: 6.500 GC heap before
{Heap before GC invocations=3 (full 0):
 PSYoungGen      total 18944K, used 18928K [0x00000000e0000000, 0x00000000e1500000, 0x0000000100000000)
  eden space 16384K, 100% used [0x00000000e0000000,0x00000000e1000000,0x00000000e1000000)
  from space 2560K, 99% used [0x00000000e1280000,0x00000000e14fc010,0x00000000e1500000)
  to   space 2560K, 0% used [0x00000000e1000000,0x00000000e1000000,0x00000000e1280000)
 ParOldGen       total 44032K, used 910K [0x00000000a0000000, 0x00000000a2b00000, 0x00000000e0000000)
  object space 44032K, 2% used [0x00000000a0000000,0x00000000a00e39c0,0x00000000a2b00000)
 Metaspace       used 6993K, capacity 7196K, committed 7424K, reserved 1056768K
  class space    used 884K, capacity 972K, committed 1024K, reserved 1048576K
Event: 6.503 GC heap after
Heap after GC invocations=3 (full 0):
 PSYoungGen      total 18944K, used 2160K [0x00000000e0000000, 0x00000000e1500000, 0x0000000100000000)
  eden space 16384K, 0% used [0x00000000e0000000,0x00000000e0000000,0x00000000e1000000)
  from space 2560K, 84% used [0x00000000e1000000,0x00000000e121c010,0x00000000e1280000)
  to   space 2560K, 0% used [0x00000000e1280000,0x00000000e1280000,0x00000000e1500000)
 ParOldGen       total 44032K, used 918K [0x00000000a0000000, 0x00000000a2b00000, 0x00000000e0000000)
  object space 44032K, 2% used [0x00000000a0000000,0x00000000a00e59c0,0x00000000a2b00000)
 Metaspace       used 6993K, capacity 7196K, committed 7424K, reserved 1056768K
  class space    used 884K, capacity 972K, committed 1024K, reserved 1048576K
}
Event: 7.016 GC heap before
{Heap before GC invocations=4 (full 0):
 PSYoungGen      total 18944K, used 18544K [0x00000000e0000000, 0x00000000e1500000, 0x0000000100000000)
  eden space 16384K, 100% used [0x00000000e0000000,0x00000000e1000000,0x00000000e1000000)
  from space 2560K, 84% used [0x00000000e1000000,0x00000000e121c010,0x00000000e1280000)
  to   space 2560K, 0% used [0x00000000e1280000,0x00000000e1280000,0x00000000e1500000)
 ParOldGen       total 44032K, used 918K [0x00000000a0000000, 0x00000000a2b00000, 0x00000000e0000000)
  object space 44032K, 2% used [0x00000000a0000000,0x00000000a00e59c0,0x00000000a2b00000)
 Metaspace       used 7207K, capacity 7444K, committed 7680K, reserved 1056768K
  class space    used 916K, capacity 1012K, committed 1024K, reserved 1048576K
Event: 7.020 GC heap after
Heap after GC invocations=4 (full 0):
 PSYoungGen      total 18944K, used 2544K [0x00000000e0000000, 0x00000000e1500000, 0x0000000100000000)
  eden space 16384K, 0% used [0x00000000e0000000,0x00000000e0000000,0x00000000e1000000)
  from space 2560K, 99% used [0x00000000e1280000,0x00000000e14fc010,0x00000000e1500000)
  to   space 2560K, 0% used [0x00000000e1000000,0x00000000e1000000,0x00000000e1280000)
 ParOldGen       total 44032K, used 1515K [0x00000000a0000000, 0x00000000a2b00000, 0x00000000e0000000)
  object space 44032K, 3% used [0x00000000a0000000,0x00000000a017ada0,0x00000000a2b00000)
 Metaspace       used 7207K, capacity 7444K, committed 7680K, reserved 1056768K
  class space    used 916K, capacity 1012K, committed 1024K, reserved 1048576K
}
Event: 8.374 GC heap before
{Heap before GC invocations=5 (full 0):
 PSYoungGen      total 18944K, used 18928K [0x00000000e0000000, 0x00000000e1500000, 0x0000000100000000)
  eden space 16384K, 100% used [0x00000000e0000000,0x00000000e1000000,0x00000000e1000000)
  from space 2560K, 99% used [0x00000000e1280000,0x00000000e14fc010,0x00000000e1500000)
  to   space 2560K, 0% used [0x00000000e1000000,0x00000000e1000000,0x00000000e1280000)
 ParOldGen       total 44032K, used 1515K [0x00000000a0000000, 0x00000000a2b00000, 0x00000000e0000000)
  object space 44032K, 3% used [0x00000000a0000000,0x00000000a017ada0,0x00000000a2b00000)
 Metaspace       used 8800K, capacity 8956K, committed 9216K, reserved 1056768K
  class space    used 1172K, capacity 1238K, committed 1280K, reserved 1048576K
Event: 8.378 GC heap after
Heap after GC invocations=5 (full 0):
 PSYoungGen      total 18944K, used 2544K [0x00000000e0000000, 0x00000000e1900000, 0x0000000100000000)
  eden space 16384K, 0% used [0x00000000e0000000,0x00000000e0000000,0x00000000e1000000)
  from space 2560K, 99% used [0x00000000e1000000,0x00000000e127c010,0x00000000e1280000)
  to   space 4608K, 0% used [0x00000000e1480000,0x00000000e1480000,0x00000000e1900000)
 ParOldGen       total 44032K, used 2971K [0x00000000a0000000, 0x00000000a2b00000, 0x00000000e0000000)
  object space 44032K, 6% used [0x00000000a0000000,0x00000000a02e6c78,0x00000000a2b00000)
 Metaspace       used 8800K, capacity 8956K, committed 9216K, reserved 1056768K
  class space    used 1172K, capacity 1238K, committed 1280K, reserved 1048576K
}
Event: 16.595 GC heap before
{Heap before GC invocations=6 (full 0):
 PSYoungGen      total 18944K, used 18928K [0x00000000e0000000, 0x00000000e1900000, 0x0000000100000000)
  eden space 16384K, 100% used [0x00000000e0000000,0x00000000e1000000,0x00000000e1000000)
  from space 2560K, 99% used [0x00000000e1000000,0x00000000e127c010,0x00000000e1280000)
  to   space 4608K, 0% used [0x00000000e1480000,0x00000000e1480000,0x00000000e1900000)
 ParOldGen       total 44032K, used 2971K [0x00000000a0000000, 0x00000000a2b00000, 0x00000000e0000000)
  object space 44032K, 6% used [0x00000000a0000000,0x00000000a02e6c78,0x00000000a2b00000)
 Metaspace       used 12300K, capacity 12634K, committed 12928K, reserved 1060864K
  class space    used 1702K, capacity 1819K, committed 1920K, reserved 1048576K
Event: 16.603 GC heap after
Heap after GC invocations=6 (full 0):
 PSYoungGen      total 19968K, used 4592K [0x00000000e0000000, 0x00000000e1b00000, 0x0000000100000000)
  eden space 15360K, 0% used [0x00000000e0000000,0x00000000e0000000,0x00000000e0f00000)
  from space 4608K, 99% used [0x00000000e1480000,0x00000000e18fc2c0,0x00000000e1900000)
  to   space 5632K, 0% used [0x00000000e0f00000,0x00000000e0f00000,0x00000000e1480000)
 ParOldGen       total 44032K, used 3379K [0x00000000a0000000, 0x00000000a2b00000, 0x00000000e0000000)
  object space 44032K, 7% used [0x00000000a0000000,0x00000000a034cfb8,0x00000000a2b00000)
 Metaspace       used 12300K, capacity 12634K, committed 12928K, reserved 1060864K
  class space    used 1702K, capacity 1819K, committed 1920K, reserved 1048576K
}
Event: 18.263 GC heap before
{Heap before GC invocations=7 (full 0):
 PSYoungGen      total 19968K, used 19952K [0x00000000e0000000, 0x00000000e1b00000, 0x0000000100000000)
  eden space 15360K, 100% used [0x00000000e0000000,0x00000000e0f00000,0x00000000e0f00000)
  from space 4608K, 99% used [0x00000000e1480000,0x00000000e18fc2c0,0x00000000e1900000)
  to   space 5632K, 0% used [0x00000000e0f00000,0x00000000e0f00000,0x00000000e1480000)
 ParOldGen       total 44032K, used 3379K [0x00000000a0000000, 0x00000000a2b00000, 0x00000000e0000000)
  object space 44032K, 7% used [0x00000000a0000000,0x00000000a034cfb8,0x00000000a2b00000)
 Metaspace       used 13431K, capacity 13808K, committed 14080K, reserved 1060864K
  class space    used 1892K, capacity 2016K, committed 2048K, reserved 1048576K
Event: 18.269 GC heap after
Heap after GC invocations=7 (full 0):
 PSYoungGen      total 20992K, used 3652K [0x00000000e0000000, 0x00000000e1a00000, 0x0000000100000000)
  eden space 15360K, 0% used [0x00000000e0000000,0x00000000e0000000,0x00000000e0f00000)
  from space 5632K, 64% used [0x00000000e0f00000,0x00000000e1291138,0x00000000e1480000)
  to   space 5632K, 0% used [0x00000000e1480000,0x00000000e1480000,0x00000000e1a00000)
 ParOldGen       total 44032K, used 4841K [0x00000000a0000000, 0x00000000a2b00000, 0x00000000e0000000)
  object space 44032K, 10% used [0x00000000a0000000,0x00000000a04ba728,0x00000000a2b00000)
 Metaspace       used 13431K, capacity 13808K, committed 14080K, reserved 1060864K
  class space    used 1892K, capacity 2016K, committed 2048K, reserved 1048576K
}

Deoptimization events (10 events):
Event: 16.121 Thread 0x0000000018441800 Uncommon trap: reason=bimorphic action=maybe_recompile pc=0x0000000002705c28 method=java.util.HashMap.putVal(ILjava/lang/Object;Ljava/lang/Object;ZZ)Ljava/lang/Object; @ 253
Event: 16.121 Thread 0x0000000018441800 Uncommon trap: reason=bimorphic action=maybe_recompile pc=0x0000000002705c28 method=java.util.HashMap.putVal(ILjava/lang/Object;Ljava/lang/Object;ZZ)Ljava/lang/Object; @ 253
Event: 16.121 Thread 0x0000000018441800 Uncommon trap: reason=class_check action=maybe_recompile pc=0x000000000270613c method=java.util.HashMap.putVal(ILjava/lang/Object;Ljava/lang/Object;ZZ)Ljava/lang/Object; @ 203
Event: 16.121 Thread 0x0000000018441800 Uncommon trap: reason=class_check action=maybe_recompile pc=0x000000000270613c method=java.util.HashMap.putVal(ILjava/lang/Object;Ljava/lang/Object;ZZ)Ljava/lang/Object; @ 203
Event: 16.121 Thread 0x0000000018441800 Uncommon trap: reason=bimorphic action=maybe_recompile pc=0x00000000026cc6a0 method=java.util.HashMap.putVal(ILjava/lang/Object;Ljava/lang/Object;ZZ)Ljava/lang/Object; @ 253
Event: 16.121 Thread 0x0000000018441800 Uncommon trap: reason=bimorphic action=maybe_recompile pc=0x00000000026cc6a0 method=java.util.HashMap.putVal(ILjava/lang/Object;Ljava/lang/Object;ZZ)Ljava/lang/Object; @ 253
Event: 18.378 Thread 0x0000000018441800 Uncommon trap: reason=class_check action=maybe_recompile pc=0x000000000273fe58 method=java.util.regex.Matcher.match(II)Z @ 86
Event: 18.730 Thread 0x0000000018441800 Uncommon trap: reason=class_check action=maybe_recompile pc=0x000000000273fe58 method=java.util.regex.Matcher.match(II)Z @ 86
Event: 18.731 Thread 0x0000000018441800 Uncommon trap: reason=class_check action=maybe_recompile pc=0x000000000273fe58 method=java.util.regex.Matcher.match(II)Z @ 86
Event: 18.731 Thread 0x0000000018441800 Uncommon trap: reason=class_check action=maybe_recompile pc=0x00000000025c4dcc method=java.util.regex.Matcher.match(II)Z @ 86

Internal exceptions (10 events):
Event: 15.851 Thread 0x0000000017a70800 Exception <a 'java/lang/NoSuchMethodError': <clinit>> (0x00000000e0a30ff8) thrown at [C:\workspace\8-2-build-windows-amd64-cygwin\jdk8u65\4987\hotspot\src\share\vm\prims\jni.cpp, line 1591]
Event: 15.854 Thread 0x0000000017a70800 Exception <a 'java/lang/NoSuchMethodError': <clinit>> (0x00000000e0a46570) thrown at [C:\workspace\8-2-build-windows-amd64-cygwin\jdk8u65\4987\hotspot\src\share\vm\prims\jni.cpp, line 1591]
Event: 15.910 Thread 0x0000000017a70800 Exception <a 'java/lang/NoSuchMethodError': <clinit>> (0x00000000e0a595e0) thrown at [C:\workspace\8-2-build-windows-amd64-cygwin\jdk8u65\4987\hotspot\src\share\vm\prims\jni.cpp, line 1591]
Event: 15.935 Thread 0x0000000017a70800 Exception <a 'java/lang/NoSuchMethodError': <clinit>> (0x00000000e0a80580) thrown at [C:\workspace\8-2-build-windows-amd64-cygwin\jdk8u65\4987\hotspot\src\share\vm\prims\jni.cpp, line 1591]
Event: 15.958 Thread 0x0000000017a70800 Exception <a 'java/lang/NoSuchMethodError': <clinit>> (0x00000000e0a98348) thrown at [C:\workspace\8-2-build-windows-amd64-cygwin\jdk8u65\4987\hotspot\src\share\vm\prims\jni.cpp, line 1591]
Event: 15.959 Thread 0x0000000017a70800 Exception <a 'java/lang/NoSuchMethodError': <clinit>> (0x00000000e0aa0e10) thrown at [C:\workspace\8-2-build-windows-amd64-cygwin\jdk8u65\4987\hotspot\src\share\vm\prims\jni.cpp, line 1591]
Event: 15.961 Thread 0x0000000017a70800 Exception <a 'java/lang/NoSuchMethodError': <clinit>> (0x00000000e0ab71f0) thrown at [C:\workspace\8-2-build-windows-amd64-cygwin\jdk8u65\4987\hotspot\src\share\vm\prims\jni.cpp, line 1591]
Event: 15.975 Thread 0x0000000017a70800 Exception <a 'java/lang/NoSuchMethodError': <clinit>> (0x00000000e0b23a28) thrown at [C:\workspace\8-2-build-windows-amd64-cygwin\jdk8u65\4987\hotspot\src\share\vm\prims\jni.cpp, line 1591]
Event: 16.000 Thread 0x0000000017a70800 Exception <a 'java/lang/NoSuchMethodError': <clinit>> (0x00000000e0b507e8) thrown at [C:\workspace\8-2-build-windows-amd64-cygwin\jdk8u65\4987\hotspot\src\share\vm\prims\jni.cpp, line 1591]
Event: 16.006 Thread 0x0000000017a70800 Exception <a 'java/lang/NoSuchMethodError': <clinit>> (0x00000000e0b6ece0) thrown at [C:\workspace\8-2-build-windows-amd64-cygwin\jdk8u65\4987\hotspot\src\share\vm\prims\jni.cpp, line 1591]

Events (10 events):
Event: 19.714 loading class org/gradle/internal/hash/Hashing$DefaultHasher
Event: 19.714 loading class org/gradle/internal/hash/Hashing$DefaultHasher done
Event: 19.715 loading class org/gradle/internal/hash/Hashing$MessageDigestHasher
Event: 19.715 loading class org/gradle/internal/hash/Hashing$MessageDigestHasher done
Event: 19.716 loading class com/google/common/base/Charsets
Event: 19.716 loading class com/google/common/base/Charsets done
Event: 19.729 loading class org/gradle/internal/hash/HashCode
Event: 19.729 loading class org/gradle/internal/hash/HashCode done
Event: 19.730 loading class org/gradle/api/internal/changedetection/state/CachingFileHasher
Event: 19.730 loading class org/gradle/api/internal/changedetection/state/CachingFileHasher done


Dynamic libraries:
0x00007ff6d1e80000 - 0x00007ff6d1eb7000 	C:\Program Files\Java\jdk1.8.0_65\bin\java.exe
0x00007ffa3e9a0000 - 0x00007ffa3eb90000 	C:\WINDOWS\SYSTEM32\ntdll.dll
0x00007ffa05b60000 - 0x00007ffa05b75000 	C:\Program Files\AVAST Software\Avast\aswhook.dll
0x00007ffa3e270000 - 0x00007ffa3e322000 	C:\WINDOWS\System32\KERNEL32.DLL
0x00007ffa3c7a0000 - 0x00007ffa3ca43000 	C:\WINDOWS\System32\KERNELBASE.dll
0x00007ffa393d0000 - 0x00007ffa3945f000 	C:\WINDOWS\SYSTEM32\apphelp.dll
0x00007ffa3e550000 - 0x00007ffa3e5f3000 	C:\WINDOWS\System32\ADVAPI32.dll
0x00007ffa3e8c0000 - 0x00007ffa3e95e000 	C:\WINDOWS\System32\msvcrt.dll
0x00007ffa3e630000 - 0x00007ffa3e6c7000 	C:\WINDOWS\System32\sechost.dll
0x00007ffa3e6d0000 - 0x00007ffa3e7f0000 	C:\WINDOWS\System32\RPCRT4.dll
0x00007ffa3d7c0000 - 0x00007ffa3d954000 	C:\WINDOWS\System32\USER32.dll
0x00007ffa3bc80000 - 0x00007ffa3bca1000 	C:\WINDOWS\System32\win32u.dll
0x00007ffa3e600000 - 0x00007ffa3e626000 	C:\WINDOWS\System32\GDI32.dll
0x00007ffa3b990000 - 0x00007ffa3bb24000 	C:\WINDOWS\System32\gdi32full.dll
0x00007ffa3bbe0000 - 0x00007ffa3bc7e000 	C:\WINDOWS\System32\msvcp_win.dll
0x00007ffa3bd00000 - 0x00007ffa3bdfa000 	C:\WINDOWS\System32\ucrtbase.dll
0x00007ffa283f0000 - 0x00007ffa28675000 	C:\WINDOWS\WinSxS\amd64_microsoft.windows.common-controls_6595b64144ccf1df_6.0.18362.720_none_e6beb5c51314836b\COMCTL32.dll
0x00007ffa3de50000 - 0x00007ffa3e186000 	C:\WINDOWS\System32\combase.dll
0x00007ffa3be00000 - 0x00007ffa3be80000 	C:\WINDOWS\System32\bcryptPrimitives.dll
0x00007ffa3d790000 - 0x00007ffa3d7be000 	C:\WINDOWS\System32\IMM32.DLL
0x000000005aa80000 - 0x000000005ab52000 	C:\Program Files\Java\jdk1.8.0_65\jre\bin\msvcr100.dll
0x0000000059360000 - 0x0000000059be9000 	C:\Program Files\Java\jdk1.8.0_65\jre\bin\server\jvm.dll
0x00007ffa3e260000 - 0x00007ffa3e268000 	C:\WINDOWS\System32\PSAPI.DLL
0x00007ffa2bdd0000 - 0x00007ffa2bdd9000 	C:\WINDOWS\SYSTEM32\WSOCK32.dll
0x00007ffa3d560000 - 0x00007ffa3d5cf000 	C:\WINDOWS\System32\WS2_32.dll
0x00007ffa39e20000 - 0x00007ffa39e44000 	C:\WINDOWS\SYSTEM32\WINMM.dll
0x00007ffa353d0000 - 0x00007ffa353da000 	C:\WINDOWS\SYSTEM32\VERSION.dll
0x00007ffa39df0000 - 0x00007ffa39e1d000 	C:\WINDOWS\SYSTEM32\WINMMBASE.dll
0x00007ffa3be80000 - 0x00007ffa3beca000 	C:\WINDOWS\System32\cfgmgr32.dll
0x000000005aa70000 - 0x000000005aa7f000 	C:\Program Files\Java\jdk1.8.0_65\jre\bin\verify.dll
0x000000005aa40000 - 0x000000005aa69000 	C:\Program Files\Java\jdk1.8.0_65\jre\bin\java.dll
0x000000005aa20000 - 0x000000005aa36000 	C:\Program Files\Java\jdk1.8.0_65\jre\bin\zip.dll
0x00007ffa3ca50000 - 0x00007ffa3d135000 	C:\WINDOWS\System32\SHELL32.dll
0x00007ffa3d140000 - 0x00007ffa3d1e9000 	C:\WINDOWS\System32\shcore.dll
0x00007ffa3c020000 - 0x00007ffa3c7a0000 	C:\WINDOWS\System32\windows.storage.dll
0x00007ffa3b8b0000 - 0x00007ffa3b8d3000 	C:\WINDOWS\System32\profapi.dll
0x00007ffa3b8e0000 - 0x00007ffa3b92a000 	C:\WINDOWS\System32\powrprof.dll
0x00007ffa3b860000 - 0x00007ffa3b870000 	C:\WINDOWS\System32\UMPDC.dll
0x00007ffa3d350000 - 0x00007ffa3d3a2000 	C:\WINDOWS\System32\shlwapi.dll
0x00007ffa3b890000 - 0x00007ffa3b8a1000 	C:\WINDOWS\System32\kernel.appcore.dll
0x00007ffa3bce0000 - 0x00007ffa3bcf7000 	C:\WINDOWS\System32\cryptsp.dll
0x000000005aa00000 - 0x000000005aa1a000 	C:\Program Files\Java\jdk1.8.0_65\jre\bin\net.dll
0x00007ffa3b070000 - 0x00007ffa3b0d7000 	C:\WINDOWS\system32\mswsock.dll
0x000000005a9e0000 - 0x000000005a9f1000 	C:\Program Files\Java\jdk1.8.0_65\jre\bin\nio.dll
0x00007ffa17660000 - 0x00007ffa17687000 	C:\Users\Unzila Khan\.gradle\native\c976cfcca226fdd4bee4412e95191dd41148b7504f9625baeda1d523bc39a967\windows-amd64\native-platform.dll
0x000000005a9d0000 - 0x000000005a9dd000 	C:\Program Files\Java\jdk1.8.0_65\jre\bin\management.dll
0x00007ffa3abe0000 - 0x00007ffa3ac13000 	C:\WINDOWS\system32\rsaenh.dll
0x00007ffa3bcb0000 - 0x00007ffa3bcd6000 	C:\WINDOWS\System32\bcrypt.dll
0x00007ffa3b780000 - 0x00007ffa3b7a5000 	C:\WINDOWS\SYSTEM32\USERENV.dll
0x00007ffa3b240000 - 0x00007ffa3b24c000 	C:\WINDOWS\SYSTEM32\CRYPTBASE.dll
0x00007ffa3ad80000 - 0x00007ffa3adba000 	C:\WINDOWS\SYSTEM32\IPHLPAPI.DLL
0x00007ffa3e3e0000 - 0x00007ffa3e3e8000 	C:\WINDOWS\System32\NSI.dll
0x00007ffa32c30000 - 0x00007ffa32c46000 	C:\WINDOWS\SYSTEM32\dhcpcsvc6.DLL
0x00007ffa34ca0000 - 0x00007ffa34cbc000 	C:\WINDOWS\SYSTEM32\dhcpcsvc.DLL
0x00007ffa3adc0000 - 0x00007ffa3ae8a000 	C:\WINDOWS\SYSTEM32\DNSAPI.dll

VM Arguments:
jvm_args: -Xmx1536m -Dfile.encoding=windows-1252 -Duser.country=US -Duser.language=en -Duser.variant 
java_command: org.gradle.launcher.daemon.bootstrap.GradleDaemon 6.3
java_class_path (initial): C:\Users\Unzila Khan\.gradle\wrapper\dists\gradle-6.3-bin\8tpu6egwsccjzp10c1jckl0rx\gradle-6.3\lib\gradle-launcher-6.3.jar
Launcher Type: SUN_STANDARD

Environment Variables:
PATH=C:\ProgramData\Oracle\Java\javapath;C:\Program Files (x86)\Lenovo\FusionEngine;C:\Program Files (x86)\Intel\iCLS Client\;C:\Program Files\Intel\iCLS Client\;C:\WINDOWS\system32;C:\WINDOWS;C:\WINDOWS\System32\Wbem;C:\WINDOWS\System32\WindowsPowerShell\v1.0\;C:\Program Files\Intel\Intel(R) Management Engine Components\DAL;C:\Program Files (x86)\Intel\Intel(R) Management Engine Components\DAL;C:\Program Files\Intel\Intel(R) Management Engine Components\IPT;C:\Program Files (x86)\Intel\Intel(R) Management Engine Components\IPT;C:\Program Files\Intel\WiFi\bin\;C:\Program Files\Common Files\Intel\WirelessCommon\;H:\New folder\Universal Extractor;H:\New folder\Universal Extractor\bin;C:\Program Files\Git\cmd;C:\WINDOWS\System32\OpenSSH\;C:\Users\Unzila Khan\AppData\Local\Microsoft\WindowsApps;C:\Program Files\heroku\bin
USERNAME=Unzila Khan
OS=Windows_NT
PROCESSOR_IDENTIFIER=Intel64 Family 6 Model 61 Stepping 4, GenuineIntel



---------------  S Y S T E M  ---------------

OS: Windows 10.0 , 64 bit Build 18362 (10.0.18362.329)

CPU:total 4 (2 cores per cpu, 2 threads per core) family 6 model 61 stepping 4, cmov, cx8, fxsr, mmx, sse, sse2, sse3, ssse3, sse4.1, sse4.2, popcnt, avx, avx2, aes, clmul, erms, 3dnowpref, lzcnt, ht, tsc, tscinvbit, bmi1, bmi2, adx

Memory: 4k page, physical 4107344k(354912k free), swap 16690256k(0k free)

vm_info: Java HotSpot(TM) 64-Bit Server VM (25.65-b01) for windows-amd64 JRE (1.8.0_65-b17), built on Oct  6 2015 16:39:20 by "java_re" with MS VC++ 10.0 (VS2010)

time: Mon Mar 30 16:53:34 2020
elapsed time: 21 seconds (0d 0h 0m 21s)

