#
# There is insufficient memory for the Java Runtime Environment to continue.
# Native memory allocation (malloc) failed to allocate 1026336 bytes for Chunk::new
# Possible reasons:
#   The system is out of physical RAM or swap space
#   In 32 bit mode, the process size limit was hit
# Possible solutions:
#   Reduce memory load on the system
#   Increase physical memory or swap space
#   Check if swap backing store is full
#   Use 64 bit Java on a 64 bit OS
#   Decrease Java heap size (-Xmx/-Xms)
#   Decrease number of Java threads
#   Decrease Java thread stack sizes (-Xss)
#   Set larger code cache with -XX:ReservedCodeCacheSize=
# This output file may be truncated or incomplete.
#
#  Out of Memory Error (allocation.cpp:390), pid=12592, tid=13968
#
# JRE version: Java(TM) SE Runtime Environment (8.0_65-b17) (build 1.8.0_65-b17)
# Java VM: Java HotSpot(TM) 64-Bit Server VM (25.65-b01 mixed mode windows-amd64 compressed oops)
# Failed to write core dump. Minidumps are not enabled by default on client versions of Windows
#

---------------  T H R E A D  ---------------

Current thread (0x00000000164d9000):  JavaThread "C2 CompilerThread0" daemon [_thread_in_native, id=13968, stack(0x0000000017b30000,0x0000000017c30000)]

Stack: [0x0000000017b30000,0x0000000017c30000]
[error occurred during error reporting (printing stack bounds), id 0xc0000005]

Native frames: (J=compiled Java code, j=interpreted, Vv=VM code, C=native code)


Current CompileTask:
C2:  94628 3131       4       org.codehaus.groovy.runtime.metaclass.MetaMethodIndex::addMethodToList (298 bytes)


---------------  P R O C E S S  ---------------

Java Threads: ( => current thread )
  0x00000000199b1800 JavaThread "Cache worker for execution history cache (C:\Users\Unzila Khan\.gradle\caches\6.3-rc-1\executionHistory)" [_thread_blocked, id=6312, stack(0x000000001df70000,0x000000001e070000)]
  0x00000000199b4800 JavaThread "Cache worker for cache directory md-rule (C:\Users\Unzila Khan\.gradle\caches\6.3-rc-1\md-rule)" [_thread_blocked, id=15920, stack(0x000000001de70000,0x000000001df70000)]
  0x00000000199ae800 JavaThread "Cache worker for cache directory md-supplier (C:\Users\Unzila Khan\.gradle\caches\6.3-rc-1\md-supplier)" [_thread_blocked, id=2404, stack(0x000000001dd70000,0x000000001de70000)]
  0x00000000199b3000 JavaThread "Cache worker for file hash cache (G:\Mine\Android\mine project\ObjectScanner\.gradle\6.3-rc-1\fileHashes)" [_thread_blocked, id=15300, stack(0x000000001c650000,0x000000001c750000)]
  0x00000000199b0000 JavaThread "Cache worker for checksums cache (G:\Mine\Android\mine project\ObjectScanner\.gradle\checksums)" [_thread_blocked, id=9500, stack(0x000000001c550000,0x000000001c650000)]
  0x00000000199b2800 JavaThread "Cache worker for file hash cache (C:\Users\Unzila Khan\.gradle\caches\6.3-rc-1\fileHashes)" [_thread_blocked, id=5060, stack(0x000000001c250000,0x000000001c350000)]
  0x00000000199b1000 JavaThread "File lock request listener" [_thread_in_native, id=15248, stack(0x000000001c150000,0x000000001c250000)]
  0x00000000199b4000 JavaThread "Cache worker for journal cache (C:\Users\Unzila Khan\.gradle\caches\journal-1)" [_thread_blocked, id=7984, stack(0x000000001c050000,0x000000001c150000)]
  0x0000000018a36000 JavaThread "Thread-9" [_thread_blocked, id=17136, stack(0x000000001bd50000,0x000000001be50000)]
  0x000000001947c800 JavaThread "Asynchronous log dispatcher for DefaultDaemonConnection: socket connection from /127.0.0.1:58243 to /127.0.0.1:58244" [_thread_blocked, id=11980, stack(0x000000001bb50000,0x000000001bc50000)]
  0x000000001947a800 JavaThread "Daemon worker" [_thread_in_native, id=6200, stack(0x000000001ba50000,0x000000001bb50000)]
  0x0000000019479800 JavaThread "Cancel handler" [_thread_blocked, id=1620, stack(0x000000001b950000,0x000000001ba50000)]
  0x0000000017f46800 JavaThread "Handler for socket connection from /127.0.0.1:58243 to /127.0.0.1:58244" [_thread_in_native, id=8880, stack(0x000000001b650000,0x000000001b750000)]
  0x00000000188ae800 JavaThread "Daemon" [_thread_blocked, id=12056, stack(0x000000001b550000,0x000000001b650000)]
  0x0000000018d70800 JavaThread "Daemon periodic checks" [_thread_blocked, id=8832, stack(0x000000001b450000,0x000000001b550000)]
  0x000000001926b800 JavaThread "Incoming local TCP Connector on port 58243" [_thread_in_native, id=15468, stack(0x000000001b210000,0x000000001b310000)]
  0x0000000018e3e800 JavaThread "Daemon health stats" [_thread_blocked, id=13364, stack(0x000000001abd0000,0x000000001acd0000)]
  0x000000001652e800 JavaThread "Service Thread" daemon [_thread_blocked, id=16508, stack(0x0000000018230000,0x0000000018330000)]
  0x00000000164d2800 JavaThread "C1 CompilerThread2" daemon [_thread_blocked, id=11824, stack(0x0000000017d30000,0x0000000017e30000)]
  0x00000000164cc000 JavaThread "C2 CompilerThread1" daemon [_thread_in_native, id=8384, stack(0x0000000017c30000,0x0000000017d30000)]
=>0x00000000164d9000 JavaThread "C2 CompilerThread0" daemon [_thread_in_native, id=13968, stack(0x0000000017b30000,0x0000000017c30000)]
  0x00000000164d7800 JavaThread "Attach Listener" daemon [_thread_blocked, id=14356, stack(0x0000000017a30000,0x0000000017b30000)]
  0x00000000164d6800 JavaThread "Signal Dispatcher" daemon [_thread_blocked, id=12040, stack(0x0000000017930000,0x0000000017a30000)]
  0x0000000002b56000 JavaThread "Finalizer" daemon [_thread_blocked, id=16240, stack(0x0000000017730000,0x0000000017830000)]
  0x0000000002b4d000 JavaThread "Reference Handler" daemon [_thread_blocked, id=8948, stack(0x0000000017630000,0x0000000017730000)]
  0x0000000002a60800 JavaThread "main" [_thread_blocked, id=1264, stack(0x0000000002940000,0x0000000002a40000)]

Other Threads:
  0x0000000016497800 VMThread [stack: 0x0000000017530000,0x0000000017630000] [id=9612]
  0x0000000017e73800 WatcherThread [stack: 0x0000000018330000,0x0000000018430000] [id=6016]

VM state:not at safepoint (normal execution)

VM Mutex/Monitor currently owned by a thread: None

Heap:
 PSYoungGen      total 36352K, used 26216K [0x00000000e0000000, 0x00000000e3080000, 0x0000000100000000)
  eden space 29184K, 86% used [0x00000000e0000000,0x00000000e189da28,0x00000000e1c80000)
  from space 7168K, 14% used [0x00000000e2300000,0x00000000e23fc970,0x00000000e2a00000)
  to   space 6656K, 0% used [0x00000000e1c80000,0x00000000e1c80000,0x00000000e2300000)
 ParOldGen       total 36864K, used 15939K [0x00000000a0000000, 0x00000000a2400000, 0x00000000e0000000)
  object space 36864K, 43% used [0x00000000a0000000,0x00000000a0f90d90,0x00000000a2400000)
 Metaspace       used 34840K, capacity 35888K, committed 36096K, reserved 1081344K
  class space    used 4738K, capacity 4995K, committed 5120K, reserved 1048576K

Card table byte_map: [0x0000000011f20000,0x0000000012230000] byte_map_base: 0x0000000011a20000

Marking Bits: (ParMarkBitMap*) 0x0000000059b6a5b0
 Begin Bits: [0x0000000012830000, 0x0000000014030000)
 End Bits:   [0x0000000014030000, 0x0000000015830000)

Polling page: 0x0000000000f30000

CodeCache: size=245760Kb used=10237Kb max_used=10249Kb free=235522Kb
 bounds [0x0000000002b60000, 0x0000000003570000, 0x0000000011b60000]
 total_blobs=3559 nmethods=2849 adapters=622
 compilation: enabled

Compilation events (10 events):
Event: 94.524 Thread 0x00000000164d2800 nmethod 3133 0x000000000355f690 code [0x000000000355f820, 0x000000000355fba8]
Event: 94.524 Thread 0x00000000164d2800 3134       3       org.codehaus.groovy.reflection.CachedField::getModifiers (8 bytes)
Event: 94.525 Thread 0x00000000164d2800 nmethod 3134 0x000000000355fdd0 code [0x000000000355ff20, 0x0000000003560110]
Event: 94.525 Thread 0x00000000164d2800 3137       3       java.beans.MethodRef::isSet (13 bytes)
Event: 94.525 Thread 0x00000000164d2800 nmethod 3137 0x00000000035601d0 code [0x0000000003560320, 0x00000000035604d0]
Event: 94.526 Thread 0x00000000164d2800 3136  s!   3       java.beans.PropertyDescriptor::getPropertyType (33 bytes)
Event: 94.528 Thread 0x00000000164d2800 nmethod 3136 0x0000000003560550 code [0x0000000003560740, 0x00000000035611a8]
Event: 94.528 Thread 0x00000000164d2800 3138       3       org.codehaus.groovy.util.ComplexKeyHashMap$1::next (5 bytes)
Event: 94.529 Thread 0x00000000164d2800 nmethod 3138 0x0000000003561610 code [0x0000000003561780, 0x0000000003561928]
Event: 94.543 Thread 0x00000000164cc000 nmethod 3135 0x0000000003564bd0 code [0x0000000003564da0, 0x0000000003565330]

GC Heap History (10 events):
Event: 93.194 GC heap before
{Heap before GC invocations=26 (full 2):
 PSYoungGen      total 25600K, used 18688K [0x00000000e0000000, 0x00000000e2500000, 0x0000000100000000)
  eden space 17920K, 100% used [0x00000000e0000000,0x00000000e1180000,0x00000000e1180000)
  from space 7680K, 10% used [0x00000000e1180000,0x00000000e1240000,0x00000000e1900000)
  to   space 7680K, 0% used [0x00000000e1d80000,0x00000000e1d80000,0x00000000e2500000)
 ParOldGen       total 36864K, used 12587K [0x00000000a0000000, 0x00000000a2400000, 0x00000000e0000000)
  object space 36864K, 34% used [0x00000000a0000000,0x00000000a0c4ad70,0x00000000a2400000)
 Metaspace       used 34602K, capacity 35576K, committed 35712K, reserved 1079296K
  class space    used 4708K, capacity 4955K, committed 4992K, reserved 1048576K
Event: 93.197 GC heap after
Heap after GC invocations=26 (full 2):
 PSYoungGen      total 30208K, used 1184K [0x00000000e0000000, 0x00000000e2600000, 0x0000000100000000)
  eden space 22528K, 0% used [0x00000000e0000000,0x00000000e0000000,0x00000000e1600000)
  from space 7680K, 15% used [0x00000000e1d80000,0x00000000e1ea8000,0x00000000e2500000)
  to   space 7680K, 0% used [0x00000000e1600000,0x00000000e1600000,0x00000000e1d80000)
 ParOldGen       total 36864K, used 12587K [0x00000000a0000000, 0x00000000a2400000, 0x00000000e0000000)
  object space 36864K, 34% used [0x00000000a0000000,0x00000000a0c4ad70,0x00000000a2400000)
 Metaspace       used 34602K, capacity 35576K, committed 35712K, reserved 1079296K
  class space    used 4708K, capacity 4955K, committed 4992K, reserved 1048576K
}
Event: 93.281 GC heap before
{Heap before GC invocations=27 (full 2):
 PSYoungGen      total 30208K, used 23712K [0x00000000e0000000, 0x00000000e2600000, 0x0000000100000000)
  eden space 22528K, 100% used [0x00000000e0000000,0x00000000e1600000,0x00000000e1600000)
  from space 7680K, 15% used [0x00000000e1d80000,0x00000000e1ea8000,0x00000000e2500000)
  to   space 7680K, 0% used [0x00000000e1600000,0x00000000e1600000,0x00000000e1d80000)
 ParOldGen       total 36864K, used 12587K [0x00000000a0000000, 0x00000000a2400000, 0x00000000e0000000)
  object space 36864K, 34% used [0x00000000a0000000,0x00000000a0c4ad70,0x00000000a2400000)
 Metaspace       used 34602K, capacity 35576K, committed 35712K, reserved 1079296K
  class space    used 4708K, capacity 4955K, committed 4992K, reserved 1048576K
Event: 93.284 GC heap after
Heap after GC invocations=27 (full 2):
 PSYoungGen      total 30208K, used 800K [0x00000000e0000000, 0x00000000e2a00000, 0x0000000100000000)
  eden space 22528K, 0% used [0x00000000e0000000,0x00000000e0000000,0x00000000e1600000)
  from space 7680K, 10% used [0x00000000e1600000,0x00000000e16c8000,0x00000000e1d80000)
  to   space 7168K, 0% used [0x00000000e2300000,0x00000000e2300000,0x00000000e2a00000)
 ParOldGen       total 36864K, used 13739K [0x00000000a0000000, 0x00000000a2400000, 0x00000000e0000000)
  object space 36864K, 37% used [0x00000000a0000000,0x00000000a0d6ad90,0x00000000a2400000)
 Metaspace       used 34602K, capacity 35576K, committed 35712K, reserved 1079296K
  class space    used 4708K, capacity 4955K, committed 4992K, reserved 1048576K
}
Event: 93.360 GC heap before
{Heap before GC invocations=28 (full 2):
 PSYoungGen      total 30208K, used 23328K [0x00000000e0000000, 0x00000000e2a00000, 0x0000000100000000)
  eden space 22528K, 100% used [0x00000000e0000000,0x00000000e1600000,0x00000000e1600000)
  from space 7680K, 10% used [0x00000000e1600000,0x00000000e16c8000,0x00000000e1d80000)
  to   space 7168K, 0% used [0x00000000e2300000,0x00000000e2300000,0x00000000e2a00000)
 ParOldGen       total 36864K, used 13739K [0x00000000a0000000, 0x00000000a2400000, 0x00000000e0000000)
  object space 36864K, 37% used [0x00000000a0000000,0x00000000a0d6ad90,0x00000000a2400000)
 Metaspace       used 34602K, capacity 35576K, committed 35712K, reserved 1079296K
  class space    used 4708K, capacity 4955K, committed 4992K, reserved 1048576K
Event: 93.363 GC heap after
Heap after GC invocations=28 (full 2):
 PSYoungGen      total 35840K, used 772K [0x00000000e0000000, 0x00000000e2a00000, 0x0000000100000000)
  eden space 28672K, 0% used [0x00000000e0000000,0x00000000e0000000,0x00000000e1c00000)
  from space 7168K, 10% used [0x00000000e2300000,0x00000000e23c1278,0x00000000e2a00000)
  to   space 7168K, 0% used [0x00000000e1c00000,0x00000000e1c00000,0x00000000e2300000)
 ParOldGen       total 36864K, used 14435K [0x00000000a0000000, 0x00000000a2400000, 0x00000000e0000000)
  object space 36864K, 39% used [0x00000000a0000000,0x00000000a0e18d90,0x00000000a2400000)
 Metaspace       used 34602K, capacity 35576K, committed 35712K, reserved 1079296K
  class space    used 4708K, capacity 4955K, committed 4992K, reserved 1048576K
}
Event: 93.441 GC heap before
{Heap before GC invocations=29 (full 2):
 PSYoungGen      total 35840K, used 29444K [0x00000000e0000000, 0x00000000e2a00000, 0x0000000100000000)
  eden space 28672K, 100% used [0x00000000e0000000,0x00000000e1c00000,0x00000000e1c00000)
  from space 7168K, 10% used [0x00000000e2300000,0x00000000e23c1278,0x00000000e2a00000)
  to   space 7168K, 0% used [0x00000000e1c00000,0x00000000e1c00000,0x00000000e2300000)
 ParOldGen       total 36864K, used 14435K [0x00000000a0000000, 0x00000000a2400000, 0x00000000e0000000)
  object space 36864K, 39% used [0x00000000a0000000,0x00000000a0e18d90,0x00000000a2400000)
 Metaspace       used 34602K, capacity 35576K, committed 35712K, reserved 1079296K
  class space    used 4708K, capacity 4955K, committed 4992K, reserved 1048576K
Event: 93.443 GC heap after
Heap after GC invocations=29 (full 2):
 PSYoungGen      total 35840K, used 950K [0x00000000e0000000, 0x00000000e2a00000, 0x0000000100000000)
  eden space 28672K, 0% used [0x00000000e0000000,0x00000000e0000000,0x00000000e1c00000)
  from space 7168K, 13% used [0x00000000e1c00000,0x00000000e1cedba8,0x00000000e2300000)
  to   space 7168K, 0% used [0x00000000e2300000,0x00000000e2300000,0x00000000e2a00000)
 ParOldGen       total 36864K, used 15107K [0x00000000a0000000, 0x00000000a2400000, 0x00000000e0000000)
  object space 36864K, 40% used [0x00000000a0000000,0x00000000a0ec0d90,0x00000000a2400000)
 Metaspace       used 34602K, capacity 35576K, committed 35712K, reserved 1079296K
  class space    used 4708K, capacity 4955K, committed 4992K, reserved 1048576K
}
Event: 93.534 GC heap before
{Heap before GC invocations=30 (full 2):
 PSYoungGen      total 35840K, used 29622K [0x00000000e0000000, 0x00000000e2a00000, 0x0000000100000000)
  eden space 28672K, 100% used [0x00000000e0000000,0x00000000e1c00000,0x00000000e1c00000)
  from space 7168K, 13% used [0x00000000e1c00000,0x00000000e1cedba8,0x00000000e2300000)
  to   space 7168K, 0% used [0x00000000e2300000,0x00000000e2300000,0x00000000e2a00000)
 ParOldGen       total 36864K, used 15107K [0x00000000a0000000, 0x00000000a2400000, 0x00000000e0000000)
  object space 36864K, 40% used [0x00000000a0000000,0x00000000a0ec0d90,0x00000000a2400000)
 Metaspace       used 34602K, capacity 35576K, committed 35712K, reserved 1079296K
  class space    used 4708K, capacity 4955K, committed 4992K, reserved 1048576K
Event: 93.537 GC heap after
Heap after GC invocations=30 (full 2):
 PSYoungGen      total 36352K, used 1010K [0x00000000e0000000, 0x00000000e3080000, 0x0000000100000000)
  eden space 29184K, 0% used [0x00000000e0000000,0x00000000e0000000,0x00000000e1c80000)
  from space 7168K, 14% used [0x00000000e2300000,0x00000000e23fc970,0x00000000e2a00000)
  to   space 6656K, 0% used [0x00000000e1c80000,0x00000000e1c80000,0x00000000e2300000)
 ParOldGen       total 36864K, used 15939K [0x00000000a0000000, 0x00000000a2400000, 0x00000000e0000000)
  object space 36864K, 43% used [0x00000000a0000000,0x00000000a0f90d90,0x00000000a2400000)
 Metaspace       used 34602K, capacity 35576K, committed 35712K, reserved 1079296K
  class space    used 4708K, capacity 4955K, committed 4992K, reserved 1048576K
}

Deoptimization events (10 events):
Event: 93.597 Thread 0x000000001947a800 Uncommon trap: reason=class_check action=maybe_recompile pc=0x000000000302e768 method=java.util.zip.InflaterInputStream.read([BII)I @ 100
Event: 93.597 Thread 0x000000001947a800 Uncommon trap: reason=unstable_if action=reinterpret pc=0x00000000034ddb08 method=java.io.PushbackInputStream.read([BII)I @ 60
Event: 93.597 Thread 0x000000001947a800 Uncommon trap: reason=unstable_if action=reinterpret pc=0x00000000034de3a0 method=java.io.PushbackInputStream.read([BII)I @ 60
Event: 93.597 Thread 0x000000001947a800 Uncommon trap: reason=class_check action=maybe_recompile pc=0x000000000302e768 method=java.util.zip.InflaterInputStream.read([BII)I @ 100
Event: 93.597 Thread 0x000000001947a800 Uncommon trap: reason=class_check action=maybe_recompile pc=0x000000000302e768 method=java.util.zip.InflaterInputStream.read([BII)I @ 100
Event: 93.597 Thread 0x000000001947a800 Uncommon trap: reason=class_check action=maybe_recompile pc=0x000000000302e768 method=java.util.zip.InflaterInputStream.read([BII)I @ 100
Event: 93.656 Thread 0x000000001947a800 Uncommon trap: reason=unstable_if action=reinterpret pc=0x000000000351d0f0 method=java.lang.StringCoding.encode(Ljava/nio/charset/Charset;[CII)[B @ 24
Event: 93.780 Thread 0x000000001947c800 Uncommon trap: reason=unstable_if action=reinterpret pc=0x0000000002e90ad8 method=java.lang.String.isEmpty()Z @ 5
Event: 93.855 Thread 0x000000001947a800 Uncommon trap: reason=unstable_if action=reinterpret pc=0x000000000327b624 method=groovyjarjarasm.asm.ClassReader.readUtf(II[C)Ljava/lang/String; @ 41
Event: 94.427 Thread 0x000000001947a800 Uncommon trap: reason=class_check action=maybe_recompile pc=0x00000000034ed07c method=com.google.common.io.ByteStreams.copy(Ljava/io/InputStream;Ljava/io/OutputStream;)J @ 18

Internal exceptions (10 events):
Event: 77.177 Thread 0x000000001947a800 Exception <a 'java/lang/ClassNotFoundException': org/gradle/api/internal/artifacts/dsl/dependencies/DefaultDependencyHandler_DecoratedCustomizer> (0x00000000e08c8a98) thrown at [C:\workspace\8-2-build-windows-amd64-cygwin\jdk8u65\4987\hotspot\src\share\vm\1åè–BxS@
Event: 77.879 Thread 0x000000001947a800 Exception <a 'java/lang/NoSuchMethodError': java.lang.Object.lambda$static$0(Lorg/gradle/api/internal/artifacts/configurations/MutationValidator$MutationType;)V> (0x00000000e0201a10) thrown at [C:\workspace\8-2-build-windows-amd64-cygwin\jdk8u65\4987\hotspŽ“Â¼G”S@
Event: 78.317 Thread 0x000000001947a800 Exception <a 'java/lang/NoSuchMethodError': java.lang.Object.lambda$static$0(Lorg/gradle/internal/component/model/DependencyMetadata;)Lorg/gradle/api/internal/artifacts/ivyservice/dependencysubstitution/DependencySubstitutionApplicator$SubstitutionResult;>àéß¿°S@
Event: 78.762 Thread 0x000000001947a800 Exception <a 'java/lang/IncompatibleClassChangeError': Found class java.lang.Object, but interface was expected> (0x00000000e0c9a218) thrown at [C:\workspace\8-2-build-windows-amd64-cygwin\jdk8u65\4987\hotspot\src\share\vm\interpreter\linkResolver.cpp, linŠUÐþ°S@
Event: 78.766 Thread 0x000000001947a800 Exception <a 'java/lang/NoSuchMethodError': java.lang.Object.lambda$comparing$77a9974f$1(Ljava/util/function/Function;Ljava/lang/Object;Ljava/lang/Object;)I> (0x00000000e0ca2478) thrown at [C:\workspace\8-2-build-windows-amd64-cygwin\jdk8u65\4987\hotspot\sfóÝRs±S@
Event: 78.773 Thread 0x000000001947a800 Exception <a 'java/lang/NoSuchMethodError': java.lang.Object.lambda$thenComparing$36697e65$1(Ljava/util/Comparator;Ljava/lang/Object;Ljava/lang/Object;)I> (0x00000000e0cb65d8) thrown at [C:\workspace\8-2-build-windows-amd64-cygwin\jdk8u65\4987\hotspot\src\gÜŠ³Ø±S@
Event: 78.779 Thread 0x000000001947a800 Exception <a 'java/lang/NoSuchMethodError': java.lang.Object.lambda$comparing$ea9a8b3a$1(Ljava/util/Comparator;Ljava/util/function/Function;Ljava/lang/Object;Ljava/lang/Object;)I> (0x00000000e0ccaaf0) thrown at [C:\workspace\8-2-build-windows-amd64-cygwin\…MäÇS@
Event: 79.123 Thread 0x000000001947a800 Exception <a 'java/lang/NoSuchMethodError': java.lang.Object.lambda$static$0(Lorg/gradle/api/internal/artifacts/ivyservice/resolveengine/artifact/ArtifactVisitor;)V> (0x00000000e048e148) thrown at [C:\workspace\8-2-build-windows-amd64-cygwin\jdk8u65\4987\h°Q{¶3¡W@
Event: 94.519 Thread 0x000000001947a800 Exception <a 'java/lang/ClassNotFoundException': sync_studio_tooling7_3j5961ehdrpfzk7oh7a5yzecyBeanInfo> (0x00000000e17cedf8) thrown at [C:\workspace\8-2-build-windows-amd64-cygwin\jdk8u65\4987\hotspot\src\share\vm\classfile\systemDictionary.cpp, line 210]¤µX@W¡W@
Event: 94.521 Thread 0x000000001947a800 Exception <a 'java/lang/ClassNotFoundException': sync_studio_tooling7_3j5961ehdrpfzk7oh7a5yzecyCustomizer> (0x00000000e17dd6b0) thrown at [C:\workspace\8-2-build-windows-amd64-cygwin\jdk8u65\4987\hotspot\src\share\vm\classfile\systemDictionary.cpp, line 21

Events (10 events):
Event: 94.509 loading class groovy/runtime/metaclass/sync_studio_tooling7_3j5961ehdrpfzk7oh7a5yzecyMetaClass
Event: 94.509 loading class groovy/runtime/metaclass/sync_studio_tooling7_3j5961ehdrpfzk7oh7a5yzecyMetaClass done
Event: 94.518 loading class sync_studio_tooling7_3j5961ehdrpfzk7oh7a5yzecyBeanInfo
Event: 94.518 loading class sync_studio_tooling7_3j5961ehdrpfzk7oh7a5yzecyBeanInfo done
Event: 94.519 loading class sync_studio_tooling7_3j5961ehdrpfzk7oh7a5yzecyBeanInfo
Event: 94.519 loading class sync_studio_tooling7_3j5961ehdrpfzk7oh7a5yzecyBeanInfo done
Event: 94.520 loading class sync_studio_tooling7_3j5961ehdrpfzk7oh7a5yzecyCustomizer
Event: 94.520 loading class sync_studio_tooling7_3j5961ehdrpfzk7oh7a5yzecyCustomizer done
Event: 94.521 loading class sync_studio_tooling7_3j5961ehdrpfzk7oh7a5yzecyCustomizer
Event: 94.521 loading class sync_studio_tooling7_3j5961ehdrpfzk7oh7a5yzecyCustomizer done


Dynamic libraries:
0x00007ff6d1e80000 - 0x00007ff6d1eb7000 	C:\Program Files\Java\jdk1.8.0_65\bin\java.exe
0x00007ffa3e9a0000 - 0x00007ffa3eb90000 	C:\WINDOWS\SYSTEM32\ntdll.dll
0x00007ffa05b60000 - 0x00007ffa05b75000 	C:\Program Files\AVAST Software\Avast\aswhook.dll
0x00007ffa3e270000 - 0x00007ffa3e322000 	C:\WINDOWS\System32\KERNEL32.DLL
0x00007ffa3c7a0000 - 0x00007ffa3ca43000 	C:\WINDOWS\System32\KERNELBASE.dll
0x00007ffa393d0000 - 0x00007ffa3945f000 	C:\WINDOWS\SYSTEM32\apphelp.dll
0x00007ffa3e550000 - 0x00007ffa3e5f3000 	C:\WINDOWS\System32\ADVAPI32.dll
0x00007ffa3e8c0000 - 0x00007ffa3e95e000 	C:\WINDOWS\System32\msvcrt.dll
0x00007ffa3e630000 - 0x00007ffa3e6c7000 	C:\WINDOWS\System32\sechost.dll
0x00007ffa3e6d0000 - 0x00007ffa3e7f0000 	C:\WINDOWS\System32\RPCRT4.dll
0x00007ffa3d7c0000 - 0x00007ffa3d954000 	C:\WINDOWS\System32\USER32.dll
0x00007ffa3bc80000 - 0x00007ffa3bca1000 	C:\WINDOWS\System32\win32u.dll
0x00007ffa3e600000 - 0x00007ffa3e626000 	C:\WINDOWS\System32\GDI32.dll
0x00007ffa3b990000 - 0x00007ffa3bb24000 	C:\WINDOWS\System32\gdi32full.dll
0x00007ffa3bbe0000 - 0x00007ffa3bc7e000 	C:\WINDOWS\System32\msvcp_win.dll
0x00007ffa3bd00000 - 0x00007ffa3bdfa000 	C:\WINDOWS\System32\ucrtbase.dll
0x00007ffa283f0000 - 0x00007ffa28675000 	C:\WINDOWS\WinSxS\amd64_microsoft.windows.common-controls_6595b64144ccf1df_6.0.18362.720_none_e6beb5c51314836b\COMCTL32.dll
0x00007ffa3de50000 - 0x00007ffa3e186000 	C:\WINDOWS\System32\combase.dll
0x00007ffa3be00000 - 0x00007ffa3be80000 	C:\WINDOWS\System32\bcryptPrimitives.dll
0x00007ffa3d790000 - 0x00007ffa3d7be000 	C:\WINDOWS\System32\IMM32.DLL
0x000000005aa80000 - 0x000000005ab52000 	C:\Program Files\Java\jdk1.8.0_65\jre\bin\msvcr100.dll
0x0000000059360000 - 0x0000000059be9000 	C:\Program Files\Java\jdk1.8.0_65\jre\bin\server\jvm.dll
0x00007ffa3e260000 - 0x00007ffa3e268000 	C:\WINDOWS\System32\PSAPI.DLL
0x00007ffa2bdd0000 - 0x00007ffa2bdd9000 	C:\WINDOWS\SYSTEM32\WSOCK32.dll
0x00007ffa3d560000 - 0x00007ffa3d5cf000 	C:\WINDOWS\System32\WS2_32.dll
0x00007ffa39e20000 - 0x00007ffa39e44000 	C:\WINDOWS\SYSTEM32\WINMM.dll
0x00007ffa353d0000 - 0x00007ffa353da000 	C:\WINDOWS\SYSTEM32\VERSION.dll
0x00007ffa39df0000 - 0x00007ffa39e1d000 	C:\WINDOWS\SYSTEM32\WINMMBASE.dll
0x00007ffa3be80000 - 0x00007ffa3beca000 	C:\WINDOWS\System32\cfgmgr32.dll
0x000000005aa70000 - 0x000000005aa7f000 	C:\Program Files\Java\jdk1.8.0_65\jre\bin\verify.dll
0x000000005aa40000 - 0x000000005aa69000 	C:\Program Files\Java\jdk1.8.0_65\jre\bin\java.dll
0x000000005aa20000 - 0x000000005aa36000 	C:\Program Files\Java\jdk1.8.0_65\jre\bin\zip.dll
0x00007ffa3ca50000 - 0x00007ffa3d135000 	C:\WINDOWS\System32\SHELL32.dll
0x00007ffa3d140000 - 0x00007ffa3d1e9000 	C:\WINDOWS\System32\shcore.dll
0x00007ffa3c020000 - 0x00007ffa3c7a0000 	C:\WINDOWS\System32\windows.storage.dll
0x00007ffa3b8b0000 - 0x00007ffa3b8d3000 	C:\WINDOWS\System32\profapi.dll
0x00007ffa3b8e0000 - 0x00007ffa3b92a000 	C:\WINDOWS\System32\powrprof.dll
0x00007ffa3b860000 - 0x00007ffa3b870000 	C:\WINDOWS\System32\UMPDC.dll
0x00007ffa3d350000 - 0x00007ffa3d3a2000 	C:\WINDOWS\System32\shlwapi.dll
0x00007ffa3b890000 - 0x00007ffa3b8a1000 	C:\WINDOWS\System32\kernel.appcore.dll
0x00007ffa3bce0000 - 0x00007ffa3bcf7000 	C:\WINDOWS\System32\cryptsp.dll
0x000000005aa00000 - 0x000000005aa1a000 	C:\Program Files\Java\jdk1.8.0_65\jre\bin\net.dll
0x00007ffa3b070000 - 0x00007ffa3b0d7000 	C:\WINDOWS\system32\mswsock.dll
0x000000005a9e0000 - 0x000000005a9f1000 	C:\Program Files\Java\jdk1.8.0_65\jre\bin\nio.dll
0x00007ffa17660000 - 0x00007ffa17687000 	C:\Users\Unzila Khan\.gradle\native\c976cfcca226fdd4bee4412e95191dd41148b7504f9625baeda1d523bc39a967\windows-amd64\native-platform.dll
0x000000005a9d0000 - 0x000000005a9dd000 	C:\Program Files\Java\jdk1.8.0_65\jre\bin\management.dll
0x00007ffa3abe0000 - 0x00007ffa3ac13000 	C:\WINDOWS\system32\rsaenh.dll
0x00007ffa3bcb0000 - 0x00007ffa3bcd6000 	C:\WINDOWS\System32\bcrypt.dll
0x00007ffa3b780000 - 0x00007ffa3b7a5000 	C:\WINDOWS\SYSTEM32\USERENV.dll
0x00007ffa3b240000 - 0x00007ffa3b24c000 	C:\WINDOWS\SYSTEM32\CRYPTBASE.dll
0x00007ffa3ad80000 - 0x00007ffa3adba000 	C:\WINDOWS\SYSTEM32\IPHLPAPI.DLL
0x00007ffa3e3e0000 - 0x00007ffa3e3e8000 	C:\WINDOWS\System32\NSI.dll
0x00007ffa32c30000 - 0x00007ffa32c46000 	C:\WINDOWS\SYSTEM32\dhcpcsvc6.DLL
0x00007ffa34ca0000 - 0x00007ffa34cbc000 	C:\WINDOWS\SYSTEM32\dhcpcsvc.DLL
0x00007ffa3adc0000 - 0x00007ffa3ae8a000 	C:\WINDOWS\SYSTEM32\DNSAPI.dll

VM Arguments:
jvm_args: -Xmx1536m -Dfile.encoding=windows-1252 -Duser.country=US -Duser.language=en -Duser.variant 
java_command: org.gradle.launcher.daemon.bootstrap.GradleDaemon 6.3-rc-1
java_class_path (initial): C:\Users\Unzila Khan\.gradle\wrapper\dists\gradle-6.3-rc-1-all\348m2i5vri99kia5hvr2w5qyy\gradle-6.3-rc-1\lib\gradle-launcher-6.3.jar
Launcher Type: SUN_STANDARD

Environment Variables:
PATH=C:\ProgramData\Oracle\Java\javapath;C:\Program Files (x86)\Lenovo\FusionEngine;C:\Program Files (x86)\Intel\iCLS Client\;C:\Program Files\Intel\iCLS Client\;C:\WINDOWS\system32;C:\WINDOWS;C:\WINDOWS\System32\Wbem;C:\WINDOWS\System32\WindowsPowerShell\v1.0\;C:\Program Files\Intel\Intel(R) Management Engine Components\DAL;C:\Program Files (x86)\Intel\Intel(R) Management Engine Components\DAL;C:\Program Files\Intel\Intel(R) Management Engine Components\IPT;C:\Program Files (x86)\Intel\Intel(R) Management Engine Components\IPT;C:\Program Files\Intel\WiFi\bin\;C:\Program Files\Common Files\Intel\WirelessCommon\;H:\New folder\Universal Extractor;H:\New folder\Universal Extractor\bin;C:\Program Files\Git\cmd;C:\WINDOWS\System32\OpenSSH\;C:\Users\Unzila Khan\AppData\Local\Microsoft\WindowsApps;C:\Program Files\heroku\bin
USERNAME=Unzila Khan
OS=Windows_NT
PROCESSOR_IDENTIFIER=Intel64 Family 6 Model 61 Stepping 4, GenuineIntel



---------------  S Y S T E M  ---------------

OS: Windows 10.0 , 64 bit Build 18362 (10.0.18362.329)

CPU:total 4 (2 cores per cpu, 2 threads per core) family 6 model 61 stepping 4, cmov, cx8, fxsr, mmx, sse, sse2, sse3, ssse3, sse4.1, sse4.2, popcnt, avx, avx2, aes, clmul, erms, 3dnowpref, lzcnt, ht, tsc, tscinvbit, bmi1, bmi2, adx

Memory: 4k page, physical 4107344k(505396k free), swap 16690256k(2640k free)

vm_info: Java HotSpot(TM) 64-Bit Server VM (25.65-b01) for windows-amd64 JRE (1.8.0_65-b17), built on Oct  6 2015 16:39:20 by "java_re" with MS VC++ 10.0 (VS2010)

time: Mon Mar 30 16:45:24 2020
elapsed time: 94 seconds (0d 0h 1m 34s)

